   Compiling slab v0.4.12
   Compiling bitflags v2.11.0
   Compiling hyper v1.8.1
   Compiling rand v0.8.5
   Compiling futures-util v0.3.32
   Compiling tokio-util v0.7.18
   Compiling openssl v0.10.75
   Compiling hyper-util v0.1.20
   Compiling sqlx-core v0.8.6
   Compiling futures-executor v0.3.32
   Compiling tower v0.5.3
   Compiling tower v0.4.13
   Compiling tower-http v0.6.8
   Compiling sqlx-sqlite v0.8.6
   Compiling sqlx-postgres v0.8.6
   Compiling tower-http v0.5.2
   Compiling sqlx-macros-core v0.8.6
   Compiling hyper-rustls v0.26.0
   Compiling sqlx-macros v0.8.6
   Compiling hyper-timeout v0.5.2
   Compiling hyper-rustls v0.27.7
   Compiling futures v0.3.32
   Compiling axum-core v0.4.5
   Compiling octocrab v0.38.0
   Compiling sqlx v0.8.6
   Compiling reqwest v0.12.28
   Compiling axum v0.7.9
   Compiling ghosthealth-guard v0.1.0 (/app)
    Finished `dev` profile [unoptimized + debuginfo] target(s) in 45.19s
     Running `target/debug/ghosthealth-guard`
{"timestamp":"2026-03-09T18:55:35.810314Z","level":"INFO","fields":{"message":"Starting GhostHealth-Guard: Local Testing Mode Enabled"},"target":"ghosthealth_guard","filename":"src/main.rs","line_number":53,"threadId":"ThreadId(1)"}
{"timestamp":"2026-03-09T18:55:35.811873Z","level":"INFO","fields":{"message":"Database connection established to SQLite"},"target":"ghosthealth_guard","filename":"src/main.rs","line_number":66,"threadId":"ThreadId(1)"}
{"timestamp":"2026-03-09T18:55:35.811954Z","level":"WARN","fields":{"message":"Private key not found at key.pem. Using empty key for testing."},"target":"ghosthealth_guard","filename":"src/main.rs","line_number":83,"threadId":"ThreadId(1)"}
{"timestamp":"2026-03-09T18:55:35.811989Z","level":"INFO","fields":{"message":"GitHub App configuration loaded (Local Test Mode)"},"target":"ghosthealth_guard","filename":"src/main.rs","line_number":90,"threadId":"ThreadId(1)"}
{"timestamp":"2026-03-09T18:55:35.812242Z","level":"INFO","fields":{"message":"LISTENING: Server started on 0.0.0.0:3000"},"target":"ghosthealth_guard","filename":"src/main.rs","line_number":106,"threadId":"ThreadId(1)"}
{"timestamp":"2026-03-09T18:56:04.804346Z","level":"INFO","fields":{"message":"Health check heartbeat received"},"target":"ghosthealth_guard","filename":"src/main.rs","line_number":118,"threadId":"ThreadId(2)"}
{"timestamp":"2026-03-09T18:56:22.326790Z","level":"WARN","fields":{"message":"Webhook verification failed (Bypassing for local testing)"},"target":"ghosthealth_guard","filename":"src/main.rs","line_number":129,"threadId":"ThreadId(2)"}
{"timestamp":"2026-03-09T18:56:22.326936Z","level":"INFO","fields":{"message":"Queued PR processing job"},"target":"ghosthealth_guard","filename":"src/main.rs","line_number":158,"threadId":"ThreadId(2)"}
{"timestamp":"2026-03-09T18:56:22.327169Z","level":"INFO","fields":{"message":"Processing PR #1 in basharmaximous-wq/GhostHealth-Guard (action: opened)"},"target":"ghosthealth_guard","filename":"src/main.rs","line_number":194,"threadId":"ThreadId(2)"}
{"timestamp":"2026-03-09T18:56:22.346257Z","level":"INFO","fields":{"message":"Using MOCK AI analysis for local testing"},"target":"ghosthealth_guard::audit","filename":"src/audit.rs","line_number":34,"threadId":"ThreadId(2)"}
{"timestamp":"2026-03-09T18:56:22.352555Z","level":"INFO","fields":{"message":"SUCCESS: Audit log with hash 828133032f35e61b64f2b956f9e9e3a92b278b9d354289227cb0fe8b43a5418e saved to database"},"target":"ghosthealth_guard","filename":"src/main.rs","line_number":256,"threadId":"ThreadId(2)"}
